{
  "stats": {
    "suites": 2,
    "tests": 1,
    "passes": 1,
    "pending": 0,
    "failures": 0,
    "start": "2017-09-10T08:31:06.746Z",
    "end": "2017-09-10T08:31:09.349Z",
    "duration": 2603,
    "testsRegistered": 1,
    "passPercent": 100,
    "pendingPercent": 0,
    "other": 0,
    "hasOther": false,
    "skipped": 0,
    "hasSkipped": false,
    "passPercentClass": "success",
    "pendingPercentClass": "danger"
  },
  "suites": {
    "title": "",
    "suites": [
      {
        "title": "hooks",
        "suites": [
          {
            "title": "注册用户",
            "suites": [],
            "tests": [
              {
                "title": "导航到登录页面",
                "fullTitle": "hooks 注册用户 导航到登录页面",
                "timedOut": false,
                "duration": 2548,
                "state": "passed",
                "speed": "slow",
                "pass": true,
                "fail": false,
                "pending": false,
                "code": "async function () {\n            await driver.get(\"http://127.0.0.1:3000\")\n            // it\n            //     assert.equal(-1, [1, 2, 3].indexOf(0));\n            // });\n            //  it('should return -1 when the value is not present', function () {\n            //     assert.equal(-1, [1, 2, 3].indexOf(5));",
                "err": {},
                "isRoot": false,
                "uuid": "7f43cf1b-1f17-41a9-a592-1e75f4ad5540",
                "parentUUID": "fd398b7c-16bb-42cf-a1e7-a706eeafef03",
                "isHook": false,
                "skipped": false
              }
            ],
            "pending": [],
            "root": false,
            "_timeout": 60000,
            "file": "/test-2017-09-10.js",
            "uuid": "fd398b7c-16bb-42cf-a1e7-a706eeafef03",
            "beforeHooks": [],
            "afterHooks": [],
            "fullFile": "/Users/luo.luo/Desktop/mochajscase/test-2017-09-10.js",
            "passes": [
              {
                "title": "导航到登录页面",
                "fullTitle": "hooks 注册用户 导航到登录页面",
                "timedOut": false,
                "duration": 2548,
                "state": "passed",
                "speed": "slow",
                "pass": true,
                "fail": false,
                "pending": false,
                "code": "async function () {\n            await driver.get(\"http://127.0.0.1:3000\")\n            // it\n            //     assert.equal(-1, [1, 2, 3].indexOf(0));\n            // });\n            //  it('should return -1 when the value is not present', function () {\n            //     assert.equal(-1, [1, 2, 3].indexOf(5));",
                "err": {},
                "isRoot": false,
                "uuid": "7f43cf1b-1f17-41a9-a592-1e75f4ad5540",
                "parentUUID": "fd398b7c-16bb-42cf-a1e7-a706eeafef03",
                "isHook": false,
                "skipped": false
              }
            ],
            "failures": [],
            "skipped": [],
            "hasBeforeHooks": false,
            "hasAfterHooks": false,
            "hasTests": true,
            "hasSuites": false,
            "totalTests": 1,
            "totalPasses": 1,
            "totalFailures": 0,
            "totalPending": 0,
            "totalSkipped": 0,
            "hasPasses": true,
            "hasFailures": false,
            "hasPending": false,
            "hasSkipped": false,
            "duration": 2548,
            "rootEmpty": false
          }
        ],
        "tests": [],
        "pending": [],
        "root": false,
        "_timeout": 60000,
        "file": "/test-2017-09-10.js",
        "uuid": "5dbf8466-0562-49c9-b71a-5999077e9e7c",
        "beforeHooks": [
          {
            "title": "\"before all\" hook",
            "fullTitle": "hooks \"before all\" hook",
            "timedOut": false,
            "duration": 0,
            "pass": false,
            "fail": false,
            "pending": false,
            "code": "// runs before all tests in this block\n//console.log(\"before\")",
            "err": {},
            "isRoot": false,
            "uuid": "e3299f61-deef-477b-9f44-5e1d88b40823",
            "parentUUID": "5dbf8466-0562-49c9-b71a-5999077e9e7c",
            "isHook": true,
            "skipped": false
          },
          {
            "title": "\"before each\" hook",
            "fullTitle": "hooks \"before each\" hook",
            "timedOut": false,
            "duration": 0,
            "pass": false,
            "fail": false,
            "pending": false,
            "code": "// runs before each test in this block\nconsole.log(\"beforeeach\")",
            "err": {},
            "isRoot": false,
            "uuid": "f7597133-db12-4fc1-9464-7824d42100d8",
            "parentUUID": "5dbf8466-0562-49c9-b71a-5999077e9e7c",
            "isHook": true,
            "skipped": false
          }
        ],
        "afterHooks": [
          {
            "title": "\"after all\" hook",
            "fullTitle": "hooks \"after all\" hook",
            "timedOut": false,
            "duration": 0,
            "pass": false,
            "fail": false,
            "pending": false,
            "code": "// runs after all tests in this block  \n//console.log(\"after\")\ndriver.quit()",
            "err": {},
            "isRoot": false,
            "uuid": "8225e98e-54e0-481f-be8c-83e5d5e3508d",
            "parentUUID": "5dbf8466-0562-49c9-b71a-5999077e9e7c",
            "isHook": true,
            "skipped": false
          },
          {
            "title": "\"after each\" hook",
            "fullTitle": "hooks \"after each\" hook",
            "timedOut": false,
            "duration": 0,
            "pass": false,
            "fail": false,
            "pending": false,
            "code": "// runs after each test in this block\nconsole.log('aftereach')",
            "err": {},
            "isRoot": false,
            "uuid": "a685511c-bb89-426f-ac0f-c9f89944e654",
            "parentUUID": "5dbf8466-0562-49c9-b71a-5999077e9e7c",
            "isHook": true,
            "skipped": false
          }
        ],
        "fullFile": "/Users/luo.luo/Desktop/mochajscase/test-2017-09-10.js",
        "passes": [],
        "failures": [],
        "skipped": [],
        "hasBeforeHooks": true,
        "hasAfterHooks": true,
        "hasTests": false,
        "hasSuites": true,
        "totalTests": 0,
        "totalPasses": 0,
        "totalFailures": 0,
        "totalPending": 0,
        "totalSkipped": 0,
        "hasPasses": false,
        "hasFailures": false,
        "hasPending": false,
        "hasSkipped": false,
        "duration": 0,
        "rootEmpty": false
      }
    ],
    "tests": [],
    "pending": [],
    "root": true,
    "_timeout": 2000,
    "uuid": "e7861ade-bf3b-47c6-9dd2-fd3f31b9039a",
    "beforeHooks": [],
    "afterHooks": [],
    "fullFile": "",
    "file": "",
    "passes": [],
    "failures": [],
    "skipped": [],
    "hasBeforeHooks": false,
    "hasAfterHooks": false,
    "hasTests": false,
    "hasSuites": true,
    "totalTests": 0,
    "totalPasses": 0,
    "totalFailures": 0,
    "totalPending": 0,
    "totalSkipped": 0,
    "hasPasses": false,
    "hasFailures": false,
    "hasPending": false,
    "hasSkipped": false,
    "duration": 0,
    "rootEmpty": true
  },
  "allTests": [
    {
      "title": "导航到登录页面",
      "fullTitle": "注册用户 导航到登录页面",
      "timedOut": false,
      "duration": 2548,
      "state": "passed",
      "speed": "slow",
      "pass": true,
      "fail": false,
      "pending": false,
      "code": "async function () {\n            await driver.get(\"http://127.0.0.1:3000\")\n            // it\n            //     assert.equal(-1, [1, 2, 3].indexOf(0));\n            // });\n            //  it('should return -1 when the value is not present', function () {\n            //     assert.equal(-1, [1, 2, 3].indexOf(5));",
      "err": {},
      "isRoot": false,
      "uuid": "7f43cf1b-1f17-41a9-a592-1e75f4ad5540",
      "parentUUID": "fd398b7c-16bb-42cf-a1e7-a706eeafef03",
      "isHook": false,
      "skipped": false
    }
  ],
  "allPending": [],
  "allPasses": [
    {
      "title": "导航到登录页面",
      "fullTitle": "注册用户 导航到登录页面",
      "timedOut": false,
      "duration": 2548,
      "state": "passed",
      "speed": "slow",
      "pass": true,
      "fail": false,
      "pending": false,
      "code": "async function () {\n            await driver.get(\"http://127.0.0.1:3000\")\n            // it\n            //     assert.equal(-1, [1, 2, 3].indexOf(0));\n            // });\n            //  it('should return -1 when the value is not present', function () {\n            //     assert.equal(-1, [1, 2, 3].indexOf(5));",
      "err": {},
      "isRoot": false,
      "uuid": "7f43cf1b-1f17-41a9-a592-1e75f4ad5540",
      "parentUUID": "fd398b7c-16bb-42cf-a1e7-a706eeafef03",
      "isHook": false,
      "skipped": false
    }
  ],
  "allFailures": [],
  "copyrightYear": 2017
}